<?xml version="1.0" encoding="UTF-8"?>
<testsuite name="datatest.TunnelGraphTest" tests="1" skipped="0" failures="0" errors="0" timestamp="2022-10-21T21:33:06" hostname="LAPTOP-0TK1TNTG" time="0.019">
  <properties/>
  <testcase name="testDestroyRoom()" classname="datatest.TunnelGraphTest" time="0.019"/>
  <system-out><![CDATA[]]></system-out>
  <system-err><![CDATA[]]></system-err>
</testsuite>
