<?xml version="1.0" encoding="UTF-8"?>
<testsuite name="datatest.ParserValidatorValidTest" tests="2" skipped="0" failures="0" errors="0" timestamp="2022-10-21T21:33:06" hostname="LAPTOP-0TK1TNTG" time="0.024">
  <properties/>
  <testcase name="generalMagicPointsTest()" classname="datatest.ParserValidatorValidTest" time="0.014"/>
  <testcase name="generalSpellTest()" classname="datatest.ParserValidatorValidTest" time="0.008"/>
  <system-out><![CDATA[]]></system-out>
  <system-err><![CDATA[]]></system-err>
</testsuite>
