<?xml version="1.0" encoding="UTF-8"?>
<testsuite name="datatest.PlayerTest" tests="2" skipped="0" failures="0" errors="0" timestamp="2022-10-21T21:33:06" hostname="LAPTOP-0TK1TNTG" time="0.007">
  <properties/>
  <testcase name="blockOptionBySpellTest()" classname="datatest.PlayerTest" time="0.002"/>
  <testcase name="addSpellTest()" classname="datatest.PlayerTest" time="0.003"/>
  <system-out><![CDATA[]]></system-out>
  <system-err><![CDATA[]]></system-err>
</testsuite>
